This is pdfTeX, Version 3.1415926-2.4-1.40.13 (MiKTeX 2.9) (preloaded format=pdftex 2016.2.15)  1 JAN 2017 11:18
entering extended mode
**D:/Data_D/HSKOST/TMC/rel_sourceforge/tmc_src-1.10/doc/tmc.tex
(D:/Data_D/HSKOST/TMC/rel_sourceforge/tmc_src-1.10/doc/tmc.tex
(D:\Data_D\HSKOST\TMC\rel_sourceforge\tmc_src-1.10\doc\texinfo.tex
Loading texinfo [version 2013-02-01.11]:
\bindingoffset=\dimen16
\normaloffset=\dimen17
\pagewidth=\dimen18
\pageheight=\dimen19
\outerhsize=\dimen20
\outervsize=\dimen21
\cornerlong=\dimen22
\cornerthick=\dimen23
\topandbottommargin=\dimen24
\headlinebox=\box16
\footlinebox=\box17
\margin=\insert252
\EMsimple=\toks12
\groupbox=\box18
\groupinvalidhelp=\toks13
\mil=\dimen25
\exdentamount=\skip18
\inmarginspacing=\skip19
\centerpenalty=\count26
 pdf,
\tempnum=\count27
\lnkcount=\count28
\filename=\toks14
\filenamelength=\count29
\pgn=\count30
\toksA=\toks15
\toksB=\toks16
\toksC=\toks17
\toksD=\toks18
\boxA=\box19
\countA=\count31
\nopdfimagehelp=\toks19
 fonts,
\sffam=\fam8
\textleading=\dimen26
 markup,
\fontdepth=\count32
 glyphs,
\errorbox=\box20

page headings,
\titlepagetopglue=\skip20
\titlepagebottomglue=\skip21
\evenheadline=\toks20
\oddheadline=\toks21
\evenfootline=\toks22
\oddfootline=\toks23
 tables,
\tableindent=\dimen27
\itemindent=\dimen28
\itemmargin=\dimen29
\itemmax=\dimen30
\itemno=\count33
\multitableparskip=\skip22
\multitableparindent=\skip23
\multitablecolspace=\dimen31
\multitablelinespace=\skip24
\colcount=\count34
\everytab=\toks24
 conditionals,
\doignorecount=\count35
 indexing,
\whatsitskip=\skip25
\whatsitpenalty=\count36
\secondaryindent=\skip26
\partialpage=\box21
\doublecolumnhsize=\dimen32
 sectioning,
\unnumberedno=\count37
\chapno=\count38
\secno=\count39
\subsecno=\count40
\subsubsecno=\count41
\appendixno=\count42
\absseclevel=\count43
\secbase=\count44
\chapheadingskip=\skip27
\secheadingskip=\skip28
\subsecheadingskip=\skip29
 toc,
\tocfile=\write0
\contentsrightmargin=\skip30
\savepageno=\count45
\lastnegativepageno=\count46
\tocindent=\dimen33
 environments,
\lispnarrowing=\skip31
\envskipamount=\skip32
\circthick=\dimen34
\cartouter=\dimen35
\cartinner=\dimen36
\normbskip=\skip33
\normpskip=\skip34
\normlskip=\skip35
\lskip=\skip36
\rskip=\skip37
\nonfillparindent=\dimen37
\tabw=\dimen38
\verbbox=\box22

defuns,
\defbodyindent=\skip38
\defargsindent=\skip39
\deflastargmargin=\skip40
\defunpenalty=\count47
\parencount=\count48
\brackcount=\count49
 macros,
\paramno=\count50
\macname=\toks25
 cross references,
\auxfile=\write1
\savesfregister=\count51
\toprefbox=\box23
\printedrefnamebox=\box24
\infofilenamebox=\box25
\printedmanualbox=\box26
 insertions,
\footnoteno=\count52
\SAVEfootins=\box27
\SAVEmargin=\box28

("C:\Program Files (x86)\MiKTeX 2.9\tex\generic\epsf\epsf.tex"
This is `epsf.tex' v2.7.4 <14 February 2011>
\epsffilein=\read0
\epsfframemargin=\dimen39
\epsfframethickness=\dimen40
\epsfrsize=\dimen41
\epsftmp=\dimen42
\epsftsize=\dimen43
\epsfxsize=\dimen44
\epsfysize=\dimen45
\pspoints=\dimen46
)
\noepsfhelp=\toks26
 localization,
\nolanghelp=\toks27
\countUTFx=\count53
\countUTFy=\count54
\countUTFz=\count55
 formatting,
\defaultparindent=\dimen47
 and turning on texinfo input format.)
(D:\Data_D\HSKOST\TMC\rel_sourceforge\tmc_src-1.10\doc\tmc.aux)
@cpindfile=@write2
@fnindfile=@write3
@vrindfile=@write4
@tpindfile=@write5
@kyindfile=@write6
@pgindfile=@write7
texinfo.tex: doing @include of version.texi


(D:\Data_D\HSKOST\TMC\rel_sourceforge\tmc_src-1.10\doc\version.texi) [1{C:/Prog
ramData/MiKTeX/2.9/pdftex/config/pdftex.map}] [2]
(D:\Data_D\HSKOST\TMC\rel_sourceforge\tmc_src-1.10\doc\tmc.toc) [-1]
(D:\Data_D\HSKOST\TMC\rel_sourceforge\tmc_src-1.10\doc\tmc.toc)
(D:\Data_D\HSKOST\TMC\rel_sourceforge\tmc_src-1.10\doc\tmc.toc)
(TMC Compiler Copying Conditions) [1] (Reporting Bugs) [2]
Underfull \hbox (badness 10000) in paragraph at lines 232--233
[]@texttt https://sourceforge.net/p/tmc-m-files-to-c-compiler/mailman/search/?m
ail_

@hbox(7.60416+2.43333)x455.24408
.@hbox(0.0+0.0)x0.0
.@texttt h
.@texttt t
.@texttt t
.@texttt p
.etc.

Chapter 1 [3] Chapter 2 [4] Chapter 3 [5] [6]
Overfull \hbox (45.05586pt too wide) in paragraph at lines 428--428
 [] @texttt d = tmcMatrixValRe(y,m,n); // assign result element d = y(m,n) to d
ouble variable[] |

@hbox(7.60416+2.43333)x455.24408
.@glue(@leftskip) 28.90755
.@hbox(0.0+0.0)x0.0
.@penalty 10000
.@glue 5.74869
.@texttt d
.etc.

Chapter 4 [7] [8] Chapter 5 [9] [10] [11] Chapter 6 [12] [13] [14] [15]
[16] [17] [18] [19] [20] [21] [22] [23] [24] [25] [26] [27] [28] [29] [30]
[31] [32] [33] [34]
Underfull \hbox (badness 10000) in paragraph at lines 1989--1991
 []@textrm For com-plex num-bers: @texttt y = sqrt (abs (x))* (cos (angle (x)*0
.5)+j*sin (angle

@hbox(7.60416+2.43333)x455.24408, glue set 5.77211
.@glue(@leftskip) 14.22636
.@hbox(0.0+0.0)x0.0
.@textrm F
.@kern-0.91252
.@textrm o
.etc.

[35] [36] [37] [38] [39] [40] [41] [42] [43] [44] [45] [46] [47] [48] [49]
[50] [51]
Overfull \hbox (68.05061pt too wide) in paragraph at lines 3051--3051
 []@texttt #define TM-CMEX_DLL // must be de-fined for TMC and un-de-fined for 
MAT-LAB mex compilation[] |

@hbox(7.60416+2.43333)x455.24408
.@glue(@leftskip) 28.90755
.@hbox(0.0+0.0)x0.0
.@texttt #
.@texttt d
.@texttt e
.etc.

Chapter 7 [52]
Overfull \vbox (597.71246pt too high) has occurred while \output is active
\vbox(717.2+4.0)x455.24408
.\glue(\topskip) 36.39584
.\vbox(7.60416+1274.91246)x455.24408
..\hbox(7.60416+0.91246)x455.24408, glue set 420.58783fil
...\glue(\leftskip) 28.90755
...\hbox(0.0+0.0)x0.0
...\texttt {
...\hbox(0.0+0.0)x0.0
...\penalty 10000
...etc.
..\glue(\parskip) 0.0
..\glue(\baselineskip) 5.39587
..\hbox(6.69167+2.43333)x455.24408, glue set 340.1062fil
...\glue(\leftskip) 28.90755
...\hbox(0.0+0.0)x0.0
...\penalty 10000
...\glue 5.74869
...\penalty 10000
...etc.
..\glue(\parskip) 0.0
..etc.
.\mark{\gdef \thischaptername {TMC Code debugging}\gdef \thischapternum {7}\gde
f \ETC.}


[53] [54] (Concept Index) [55]
(D:\Data_D\HSKOST\TMC\rel_sourceforge\tmc_src-1.10\doc\tmc.cps)
(Function Index) [56]
(D:\Data_D\HSKOST\TMC\rel_sourceforge\tmc_src-1.10\doc\tmc.fns [57] [58]
[59]) [60] ) 
Here is how much of TeX's memory you used:
 2078 strings out of 497531
 26501 string characters out of 3209400
 116367 words of memory out of 3000000
 2966 multiletter control sequences out of 15000+200000
 32896 words of font info for 113 fonts, out of 3000000 for 9000
 51 hyphenation exceptions out of 8191
 12i,6n,13p,424b,591s stack positions out of 5000i,500n,10000p,200000b,50000s
 <C:\Users\shmuel.COMPSOL\AppData\Local\MiKTeX\2.9\fonts\pk\ljfour\
jknappen\ec\dpi603\ecrm1095.pk><C:/Program Files (x86)/MiKTeX 2.9/fonts/type1/p
ublic/amsfonts/cm/cmb10.pfb><C:/Program Files (x86)/MiKTeX 2.9/fonts/type1/publ
ic/amsfonts/cm/cmbx12.pfb><C:/Program Files (x86)/MiKTeX 2.9/fonts/type1/public
/amsfonts/cm/cmmi10.pfb><C:/Program Files (x86)/MiKTeX 2.9/fonts/type1/public/a
msfonts/cm/cmmi12.pfb><C:/Program Files (x86)/MiKTeX 2.9/fonts/type1/public/ams
fonts/cm/cmmi9.pfb><C:/Program Files (x86)/MiKTeX 2.9/fonts/type1/public/amsfon
ts/cm/cmr10.pfb><C:/Program Files (x86)/MiKTeX 2.9/fonts/type1/public/amsfonts/
cm/cmr7.pfb><C:/Program Files (x86)/MiKTeX 2.9/fonts/type1/public/amsfonts/cm/c
mr9.pfb><C:/Program Files (x86)/MiKTeX 2.9/fonts/type1/public/amsfonts/cm/cmsl1
0.pfb><C:/Program Files (x86)/MiKTeX 2.9/fonts/type1/public/amsfonts/cm/cmsltt1
0.pfb><C:/Program Files (x86)/MiKTeX 2.9/fonts/type1/public/amsfonts/cm/cmss10.
pfb><C:/Program Files (x86)/MiKTeX 2.9/fonts/type1/public/amsfonts/cm/cmsy10.pf
b><C:/Program Files (x86)/MiKTeX 2.9/fonts/type1/public/amsfonts/cm/cmtt10.pfb>
<C:/Program Files (x86)/MiKTeX 2.9/fonts/type1/public/amsfonts/cm/cmtt12.pfb><C
:/Program Files (x86)/MiKTeX 2.9/fonts/type1/public/amsfonts/cm/cmtt9.pfb>
Output written on tmc.pdf (63 pages, 440381 bytes).
PDF statistics:
 979 PDF objects out of 1000 (max. 8388607)
 84 named destinations out of 1000 (max. 500000)
 293 words of extra memory for PDF output out of 10000 (max. 10000000)

